<?xml version="1.0" encoding="UTF-8"?>
<testsuite name="censusanalyser.CensusAnalyserTest" tests="12" skipped="0" failures="0" errors="0" timestamp="2021-06-07T15:07:48" hostname="DESKTOP-GF6545E" time="0.506">
  <properties/>
  <testcase name="givenIndianCensusCSVFileReturnsCorrectRecords" classname="censusanalyser.CensusAnalyserTest" time="0.24"/>
  <testcase name="givenIndianStateCSV_WrongExtensionType_ShouldThrowException" classname="censusanalyser.CensusAnalyserTest" time="0.009"/>
  <testcase name="givenIndianStateCSV_WithWrongFile_ShouldThrowException" classname="censusanalyser.CensusAnalyserTest" time="0.0"/>
  <testcase name="givenIndianCensusData_WhenSortedOnState_ShouldReturnSortedResult" classname="censusanalyser.CensusAnalyserTest" time="0.119"/>
  <testcase name="givenIndiaCensusData_WrongExtensionType_ShouldThrowException" classname="censusanalyser.CensusAnalyserTest" time="0.0"/>
  <testcase name="givenIndianStateCSV_ShouldReturnExactCount" classname="censusanalyser.CensusAnalyserTest" time="0.0"/>
  <testcase name="givenIndianCensusData_WhenSortedOnState_ShouldReturnEndSortedResult" classname="censusanalyser.CensusAnalyserTest" time="0.05"/>
  <testcase name="givenIndianStateCSV_WrongDelimeter_ShouldThrowException" classname="censusanalyser.CensusAnalyserTest" time="0.022"/>
  <testcase name="givenIndiaCensusData_WithWrongFile_ShouldThrowException" classname="censusanalyser.CensusAnalyserTest" time="0.0"/>
  <testcase name="givenIndiaCensusData_CsvHeader_ShouldThrowException" classname="censusanalyser.CensusAnalyserTest" time="0.03"/>
  <testcase name="givenIndiaCensusData_WrongDelimeter_ShouldThrowException" classname="censusanalyser.CensusAnalyserTest" time="0.029"/>
  <testcase name="givenIndianStateCSV_CsvHeader_ShouldThrowException" classname="censusanalyser.CensusAnalyserTest" time="0.001"/>
  <system-out><![CDATA[]]></system-out>
  <system-err><![CDATA[]]></system-err>
</testsuite>
